<?xml version="1.0" encoding="UTF-8"?>
<testng-results skipped="0" failed="0" ignored="0" total="1" passed="1">
  <reporter-output>
  </reporter-output>
  <suite name="Default suite" duration-ms="546" started-at="2018-07-25T14:48:01Z" finished-at="2018-07-25T14:48:01Z">
    <groups>
    </groups>
    <test name="Default test" duration-ms="546" started-at="2018-07-25T14:48:01Z" finished-at="2018-07-25T14:48:01Z">
      <class name="extentreportversion3.ExtentReportVersion3">
        <test-method status="PASS" signature="verifytitle()[pri:0, instance:extentreportversion3.ExtentReportVersion3@482f8f11]" name="verifytitle" duration-ms="527" started-at="2018-07-25T15:48:01Z" finished-at="2018-07-25T15:48:01Z">
          <reporter-output>
          </reporter-output>
        </test-method> <!-- verifytitle -->
      </class> <!-- extentreportversion3.ExtentReportVersion3 -->
    </test> <!-- Default test -->
  </suite> <!-- Default suite -->
</testng-results>
